<?xml version="1.0" encoding="UTF-8"?>
<testng-results ignored="0" total="1" passed="1" failed="0" skipped="0">
  <reporter-output>
  </reporter-output>
  <suite started-at="2021-07-13T07:41:38Z" name="PositiveLoginTestSuite" finished-at="2021-07-13T07:41:49Z" duration-ms="11450">
    <groups>
    </groups>
    <test started-at="2021-07-13T07:41:38Z" name="PositiveLoginTest" finished-at="2021-07-13T07:41:49Z" duration-ms="11450">
      <class name="com.herokuapp.theinternet.loginpagetests.PositiveLoginTests">
        <test-method is-config="true" signature="setUp(java.lang.reflect.Method, java.lang.String, org.testng.ITestContext)[pri:0, instance:com.herokuapp.theinternet.loginpagetests.PositiveLoginTests@45b4c3a9]" started-at="2021-07-13T07:41:38Z" name="setUp" finished-at="2021-07-13T07:41:43Z" duration-ms="4761" status="PASS">
          <params>
            <param index="0">
              <value>
                <![CDATA[public void com.herokuapp.theinternet.loginpagetests.PositiveLoginTests.logInTest()]]>
              </value>
            </param>
            <param index="1">
              <value>
                <![CDATA[chrome]]>
              </value>
            </param>
            <param index="2">
              <value>
                <![CDATA[org.testng.TestRunner@5c723f2d]]>
              </value>
            </param>
          </params>
          <reporter-output>
          </reporter-output>
        </test-method> <!-- setUp -->
        <test-method signature="logInTest()[pri:0, instance:com.herokuapp.theinternet.loginpagetests.PositiveLoginTests@45b4c3a9]" started-at="2021-07-13T07:41:43Z" name="logInTest" finished-at="2021-07-13T07:41:49Z" duration-ms="5973" status="PASS">
          <reporter-output>
          </reporter-output>
        </test-method> <!-- logInTest -->
        <test-method is-config="true" signature="tearDown()[pri:0, instance:com.herokuapp.theinternet.loginpagetests.PositiveLoginTests@45b4c3a9]" started-at="2021-07-13T07:41:49Z" name="tearDown" finished-at="2021-07-13T07:41:49Z" duration-ms="692" status="PASS">
          <reporter-output>
          </reporter-output>
        </test-method> <!-- tearDown -->
      </class> <!-- com.herokuapp.theinternet.loginpagetests.PositiveLoginTests -->
    </test> <!-- PositiveLoginTest -->
  </suite> <!-- PositiveLoginTestSuite -->
</testng-results>
