<?xml version="1.0" encoding="UTF-8"?>
<!-- Generated by org.testng.reporters.JUnitXMLReporter -->
<testsuite ignored="0" hostname="P3BLAP-9388WRB" failures="0" tests="4" name="NegativeLoginTest-CH" time="50.364" errors="0" timestamp="12 Jul 2021 18:45:54 GMT">
  <testcase classname="com.herokuapp.theinternet.loginpagetests.NegativeLoginTests" name="negativeLoginTest" time="6.259"/>
  <testcase classname="com.herokuapp.theinternet.loginpagetests.NegativeLoginTests" name="negativeLoginTest" time="9.932"/>
  <testcase classname="com.herokuapp.theinternet.loginpagetests.NegativeLoginTests" name="negativeLoginTest" time="6.599"/>
  <testcase classname="com.herokuapp.theinternet.loginpagetests.NegativeLoginTests" name="negativeLoginTest" time="11.0"/>
</testsuite> <!-- NegativeLoginTest-CH -->
