<?xml version="1.0" encoding="UTF-8"?>
<!-- Generated by org.testng.reporters.JUnitXMLReporter -->
<testsuite ignored="0" hostname="P3BLAP-9388WRB" failures="0" tests="3" name="FileUploadTest" time="46.355" errors="0" timestamp="12 Jul 2021 17:50:02 GMT">
  <testcase classname="com.herokuapp.theinternet.fileuploadtests.FileUploadTests" name="fileUpload" time="13.01"/>
  <testcase classname="com.herokuapp.theinternet.fileuploadtests.FileUploadTests" name="fileUpload" time="6.983"/>
  <testcase classname="com.herokuapp.theinternet.fileuploadtests.FileUploadTests" name="fileUpload" time="9.338"/>
</testsuite> <!-- FileUploadTest -->
